Arguments: 
  C:\Program Files\nodejs\node.exe C:\Program Files (x86)\Yarn\bin\yarn.js add react-google-maps -S

PATH: 
  C:\Users\Lagarde\Desktop\Dom\New folder\bin;C:\Users\Lagarde\Desktop\Dom\New folder\vendor\conemu-maximus5\ConEmu\Scripts;C:\Users\Lagarde\Desktop\Dom\New folder\vendor\conemu-maximus5;C:\Users\Lagarde\Desktop\Dom\New folder\vendor\conemu-maximus5\ConEmu;C:\ProgramData\Oracle\Java\javapath;C:\Program Files (x86)\Intel\iCLS Client\;C:\Program Files\Intel\iCLS Client\;C:\windows\system32;C:\windows;C:\windows\System32\Wbem;C:\windows\System32\WindowsPowerShell\v1.0\;C:\Program Files (x86)\NVIDIA Corporation\PhysX\Common;C:\Program Files (x86)\Intel\Intel(R) Management Engine Components\DAL;C:\Program Files\Intel\Intel(R) Management Engine Components\DAL;C:\Program Files (x86)\Intel\Intel(R) Management Engine Components\IPT;C:\Program Files\Intel\Intel(R) Management Engine Components\IPT;C:\Program Files\Intel\WiFi\bin\;C:\Program Files\Common Files\Intel\WirelessCommon\;C:\WINDOWS\system32;C:\WINDOWS;C:\WINDOWS\System32\Wbem;C:\WINDOWS\System32\WindowsPowerShell\v1.0\;C:\Program Files\nodejs\;C:\Program Files\Git\cmd;C:\Program Files (x86)\Yarn\bin;C:\Program Files\MongoDB\Server\3.4\bin;C:\Users\Lagarde\AppData\Roaming\npm;C:\Program Files (x86)\Microsoft VS Code\bin;C:\Users\Lagarde\AppData\Local\Microsoft\WindowsApps;C:\Program Files\Heroku\bin;C:\Users\Lagarde\AppData\Local\Yarn\bin;C:\Users\Lagarde\AppData\Local\Android\sdk\tools;C:\Users\Lagarde\AppData\Local\Android\sdk\tools\bin;C:\Users\Lagarde\AppData\Local\Android\sdk\platform-tools;C:\Program Files\MariaDB 10.2\bin;;C:\Program Files\Git\usr\bin;C:\Program Files\Git\usr\share\vim\vim74;C:\Users\Lagarde\Desktop\Dom\New folder\

Yarn version: 
  0.27.5

Node version: 
  7.2.0

Platform: 
  win32 x64

npm manifest: 
  {
    "name": "global-shapers",
    "version": "1.0.0",
    "description": "",
    "main": "index.js",
    "scripts": {
      "test": "echo \"Error: no test specified\" && exit 1",
      "start:dev": "node -r babel-register dist/backend/index.js",
      "bundle": "webpack --watch"
    },
    "dependencies": {
      "babel-plugin-transform-decorators-legacy": "^1.3.4",
      "babel-polyfill": "^6.26.0",
      "body-parser": "^1.17.2",
      "feathers": "^2.1.7",
      "feathers-authentication": "^1.2.7",
      "feathers-authentication-client": "^0.3.3",
      "feathers-authentication-hooks": "^0.1.4",
      "feathers-authentication-jwt": "^0.3.2",
      "feathers-authentication-local": "^0.4.4",
      "feathers-configuration": "^0.4.1",
      "feathers-hooks": "^2.0.2",
      "feathers-hooks-common": "^3.7.1",
      "feathers-mongodb": "^2.9.0",
      "feathers-rest": "^1.8.0",
      "feathers-socketio": "^2.0.0",
      "mobx": "^3.2.2",
      "mobx-react": "^4.2.2",
      "mongodb": "^2.2.31",
      "react": "^15.6.1",
      "react-dom": "^15.6.1",
      "socket.io-client": "^2.0.3",
      "styled-components": "^2.1.2",
      "url-loader": "^0.5.9"
    },
    "devDependencies": {
      "babel": "^6.23.0",
      "babel-core": "^6.26.0",
      "babel-loader": "^7.1.1",
      "babel-preset-env": "^1.6.0",
      "babel-preset-react": "^6.24.1",
      "babel-preset-stage-1": "^6.24.1",
      "babel-register": "^6.26.0",
      "eslint-config-airbnb": "^15.1.0",
      "eslint-config-airbnb-base": "^11.3.1",
      "eslint-config-airbnb-standard": "^1.4.1",
      "eslint-plugin-import": "^2.7.0",
      "eslint-plugin-jsx-a11y": "^5.1.1",
      "eslint-plugin-react": "^7.2.1",
      "webpack": "^3.5.5"
    },
    "repository": {
      "type": "git",
      "url": "git+https://gitlab.com/globalshapers/project.git"
    },
    "author": "",
    "license": "ISC",
    "bugs": {
      "url": "https://gitlab.com/globalshapers/project/issues"
    },
    "homepage": "https://gitlab.com/globalshapers/project#README"
  }

yarn manifest: 
  No manifest

Lockfile: 
  No lockfile

Trace: 
  Error: connect ETIMEDOUT 104.16.63.173:443
      at Object.exports._errnoException (util.js:1022:11)
      at exports._exceptionWithHostPort (util.js:1045:20)
      at TCPConnectWrap.afterConnect [as oncomplete] (net.js:1090:14)
